{"/var/www/html/WebDesignersPortfolio/components/Canvas.vue": {"path":"/var/www/html/WebDesignersPortfolio/components/Canvas.vue","statementMap":{"0":{"start":{"line":11,"column":0},"end":{"line":11,"column":null}},"1":{"start":{"line":17,"column":0},"end":{"line":17,"column":null}},"2":{"start":{"line":19,"column":0},"end":{"line":19,"column":null}},"3":{"start":{"line":21,"column":0},"end":{"line":21,"column":null}},"4":{"start":{"line":22,"column":0},"end":{"line":22,"column":null}},"5":{"start":{"line":24,"column":0},"end":{"line":29,"column":null}},"6":{"start":{"line":29,"column":0},"end":{"line":29,"column":null}},"7":{"start":{"line":31,"column":0},"end":{"line":31,"column":null}},"8":{"start":{"line":32,"column":0},"end":{"line":32,"column":null}},"9":{"start":{"line":36,"column":0},"end":{"line":36,"column":null}},"10":{"start":{"line":37,"column":0},"end":{"line":37,"column":null}},"11":{"start":{"line":38,"column":0},"end":{"line":38,"column":null}},"12":{"start":{"line":39,"column":0},"end":{"line":39,"column":null}},"13":{"start":{"line":40,"column":0},"end":{"line":40,"column":null}},"14":{"start":{"line":41,"column":0},"end":{"line":41,"column":null}},"15":{"start":{"line":44,"column":0},"end":{"line":55,"column":null}},"16":{"start":{"line":45,"column":0},"end":{"line":45,"column":null}},"17":{"start":{"line":46,"column":0},"end":{"line":46,"column":null}},"18":{"start":{"line":47,"column":0},"end":{"line":55,"column":null}},"19":{"start":{"line":48,"column":0},"end":{"line":48,"column":null}},"20":{"start":{"line":49,"column":0},"end":{"line":49,"column":null}},"21":{"start":{"line":50,"column":0},"end":{"line":50,"column":null}},"22":{"start":{"line":52,"column":0},"end":{"line":52,"column":null}},"23":{"start":{"line":53,"column":0},"end":{"line":53,"column":null}},"24":{"start":{"line":54,"column":0},"end":{"line":54,"column":null}},"25":{"start":{"line":57,"column":0},"end":{"line":57,"column":null}},"26":{"start":{"line":58,"column":0},"end":{"line":58,"column":null}},"27":{"start":{"line":64,"column":0},"end":{"line":64,"column":null}},"28":{"start":{"line":65,"column":0},"end":{"line":67,"column":null}},"29":{"start":{"line":66,"column":0},"end":{"line":66,"column":null}},"30":{"start":{"line":69,"column":0},"end":{"line":69,"column":null}},"31":{"start":{"line":73,"column":0},"end":{"line":73,"column":null}},"32":{"start":{"line":74,"column":0},"end":{"line":74,"column":null}},"33":{"start":{"line":77,"column":0},"end":{"line":90,"column":null}},"34":{"start":{"line":77,"column":0},"end":{"line":77,"column":null}},"35":{"start":{"line":80,"column":0},"end":{"line":80,"column":null}},"36":{"start":{"line":81,"column":0},"end":{"line":81,"column":null}},"37":{"start":{"line":83,"column":0},"end":{"line":83,"column":null}},"38":{"start":{"line":85,"column":0},"end":{"line":85,"column":null}},"39":{"start":{"line":86,"column":0},"end":{"line":86,"column":null}},"40":{"start":{"line":88,"column":0},"end":{"line":88,"column":null}},"41":{"start":{"line":89,"column":0},"end":{"line":89,"column":null}},"42":{"start":{"line":94,"column":0},"end":{"line":94,"column":null}},"43":{"start":{"line":95,"column":0},"end":{"line":97,"column":null}},"44":{"start":{"line":95,"column":0},"end":{"line":95,"column":null}},"45":{"start":{"line":96,"column":0},"end":{"line":96,"column":null}},"46":{"start":{"line":98,"column":0},"end":{"line":98,"column":null}}},"fnMap":{"0":{"name":"(anonymous_1)","decl":{"start":{"line":10,"column":0},"end":{"line":10,"column":null}},"loc":{"start":{"line":10,"column":0},"end":{"line":14,"column":null}}},"1":{"name":"(anonymous_2)","decl":{"start":{"line":15,"column":0},"end":{"line":15,"column":null}},"loc":{"start":{"line":15,"column":0},"end":{"line":100,"column":null}}},"2":{"name":"(anonymous_3)","decl":{"start":{"line":24,"column":0},"end":{"line":24,"column":null}},"loc":{"start":{"line":24,"column":0},"end":{"line":29,"column":null}}},"3":{"name":"(anonymous_4)","decl":{"start":{"line":35,"column":0},"end":{"line":35,"column":null}},"loc":{"start":{"line":35,"column":0},"end":{"line":42,"column":null}}},"4":{"name":"(anonymous_5)","decl":{"start":{"line":43,"column":0},"end":{"line":43,"column":null}},"loc":{"start":{"line":43,"column":0},"end":{"line":61,"column":null}}},"5":{"name":"(anonymous_6)","decl":{"start":{"line":62,"column":0},"end":{"line":62,"column":null}},"loc":{"start":{"line":62,"column":0},"end":{"line":70,"column":null}}},"6":{"name":"init","decl":{"start":{"line":76,"column":0},"end":{"line":76,"column":null}},"loc":{"start":{"line":76,"column":0},"end":{"line":91,"column":null}}},"7":{"name":"render","decl":{"start":{"line":93,"column":0},"end":{"line":93,"column":null}},"loc":{"start":{"line":93,"column":0},"end":{"line":99,"column":null}}}},"branchMap":{"0":{"loc":{"start":{"line":24,"column":0},"end":{"line":29,"column":null}},"type":"binary-expr","locations":[{"start":{"line":24,"column":0},"end":{"line":24,"column":null}},{"start":{"line":24,"column":0},"end":{"line":24,"column":null}},{"start":{"line":24,"column":0},"end":{"line":24,"column":null}},{"start":{"line":24,"column":0},"end":{"line":24,"column":null}},{"start":{"line":24,"column":0},"end":{"line":29,"column":null}}]},"1":{"loc":{"start":{"line":44,"column":0},"end":{"line":55,"column":null}},"type":"if","locations":[{"start":{"line":44,"column":0},"end":{"line":55,"column":null}},{"start":{"line":47,"column":0},"end":{"line":55,"column":null}}]},"2":{"loc":{"start":{"line":47,"column":0},"end":{"line":55,"column":null}},"type":"if","locations":[{"start":{"line":47,"column":0},"end":{"line":55,"column":null}},{"start":{"line":51,"column":0},"end":{"line":55,"column":null}}]},"3":{"loc":{"start":{"line":65,"column":0},"end":{"line":67,"column":null}},"type":"if","locations":[{"start":{"line":65,"column":0},"end":{"line":67,"column":null}}]}},"s":{"0":0,"1":0,"2":0,"3":0,"4":0,"5":0,"6":0,"7":0,"8":0,"9":0,"10":0,"11":0,"12":0,"13":0,"14":0,"15":0,"16":0,"17":0,"18":0,"19":0,"20":0,"21":0,"22":0,"23":0,"24":0,"25":0,"26":0,"27":0,"28":0,"29":0,"30":0,"31":0,"32":0,"33":0,"34":0,"35":0,"36":0,"37":0,"38":0,"39":0,"40":0,"41":0,"42":0,"43":0,"44":0,"45":0,"46":0},"f":{"0":0,"1":0,"2":0,"3":0,"4":0,"5":0,"6":0,"7":0},"b":{"0":[0,0,0,0,0],"1":[0,0],"2":[0,0],"3":[0]}}
,"/var/www/html/WebDesignersPortfolio/components/Slide.vue": {"path":"/var/www/html/WebDesignersPortfolio/components/Slide.vue","statementMap":{"0":{"start":{"line":64,"column":0},"end":{"line":64,"column":null}},"1":{"start":{"line":71,"column":0},"end":{"line":71,"column":null}},"2":{"start":{"line":74,"column":0},"end":{"line":74,"column":null}}},"fnMap":{"0":{"name":"(anonymous_1)","decl":{"start":{"line":63,"column":0},"end":{"line":63,"column":null}},"loc":{"start":{"line":63,"column":0},"end":{"line":68,"column":null}}},"1":{"name":"(anonymous_2)","decl":{"start":{"line":70,"column":0},"end":{"line":70,"column":null}},"loc":{"start":{"line":70,"column":0},"end":{"line":72,"column":null}}},"2":{"name":"(anonymous_3)","decl":{"start":{"line":73,"column":0},"end":{"line":73,"column":null}},"loc":{"start":{"line":73,"column":0},"end":{"line":75,"column":null}}}},"branchMap":{},"s":{"0":0,"1":0,"2":0},"f":{"0":0,"1":0,"2":0},"b":{}}
,"/var/www/html/WebDesignersPortfolio/components/Slider.vue": {"path":"/var/www/html/WebDesignersPortfolio/components/Slider.vue","statementMap":{"0":{"start":{"line":10,"column":0},"end":{"line":10,"column":null}},"1":{"start":{"line":14,"column":0},"end":{"line":14,"column":null}},"2":{"start":{"line":16,"column":0},"end":{"line":16,"column":null}}},"fnMap":{"0":{"name":"(anonymous_4)","decl":{"start":{"line":14,"column":0},"end":{"line":14,"column":null}},"loc":{"start":{"line":14,"column":0},"end":{"line":14,"column":null}}},"1":{"name":"(anonymous_6)","decl":{"start":{"line":16,"column":0},"end":{"line":16,"column":null}},"loc":{"start":{"line":16,"column":0},"end":{"line":16,"column":null}}}},"branchMap":{"0":{"loc":{"start":{"line":14,"column":0},"end":{"line":14,"column":null}},"type":"cond-expr","locations":[{"start":{"line":14,"column":0},"end":{"line":14,"column":null}},{"start":{"line":14,"column":0},"end":{"line":14,"column":null}}]}},"s":{"0":0,"1":0,"2":0},"f":{"0":0,"1":0},"b":{"0":[0,0]}}
,"/var/www/html/WebDesignersPortfolio/components/TheHeader.vue": {"path":"/var/www/html/WebDesignersPortfolio/components/TheHeader.vue","statementMap":{"0":{"start":{"line":11,"column":0},"end":{"line":11,"column":null}},"1":{"start":{"line":12,"column":0},"end":{"line":12,"column":null}},"2":{"start":{"line":16,"column":0},"end":{"line":18,"column":null}},"3":{"start":{"line":17,"column":0},"end":{"line":17,"column":null}}},"fnMap":{"0":{"name":"(anonymous_2)","decl":{"start":{"line":15,"column":0},"end":{"line":15,"column":null}},"loc":{"start":{"line":15,"column":0},"end":{"line":19,"column":null}}},"1":{"name":"(anonymous_3)","decl":{"start":{"line":16,"column":0},"end":{"line":16,"column":null}},"loc":{"start":{"line":16,"column":0},"end":{"line":18,"column":null}}}},"branchMap":{},"s":{"0":0,"1":0,"2":0,"3":0},"f":{"0":0,"1":0},"b":{}}
,"/var/www/html/WebDesignersPortfolio/pages/index.vue": {"path":"/var/www/html/WebDesignersPortfolio/pages/index.vue","statementMap":{"0":{"start":{"line":107,"column":0},"end":{"line":107,"column":null}}},"fnMap":{},"branchMap":{},"s":{"0":0},"f":{},"b":{}}
,"/var/www/html/WebDesignersPortfolio/pages/inquiry.vue": {"path":"/var/www/html/WebDesignersPortfolio/pages/inquiry.vue","statementMap":{"0":{"start":{"line":15,"column":0},"end":{"line":15,"column":null}},"1":{"start":{"line":19,"column":0},"end":{"line":19,"column":null}}},"fnMap":{"0":{"name":"(anonymous_2)","decl":{"start":{"line":18,"column":0},"end":{"line":18,"column":null}},"loc":{"start":{"line":18,"column":0},"end":{"line":22,"column":null}}}},"branchMap":{},"s":{"0":0,"1":0},"f":{"0":0},"b":{}}
}
